2024-12-06 11:01:02.666 [AWT-EventQueue-0] INFO  PL.EditorPO - Do you want to delete the selected file?
2024-12-06 11:02:30.776 [AWT-EventQueue-0] INFO  PL.EditorPO - Do you want to delete the selected file?
2024-12-06 11:02:31.754 [AWT-EventQueue-0] WARN  PL.EditorPO - Please select a file to delete.
2024-12-08 17:59:02.807 [AWT-EventQueue-0] INFO  PL.EditorPO - File created successfully!
2024-12-08 17:59:09.369 [AWT-EventQueue-0] INFO  PL.EditorPO - TF-IDF Score for 'bfg' is: -0.6931471805599453
2024-12-08 17:59:11.660 [AWT-EventQueue-0] INFO  PL.EditorPO - TF-IDF Score for 'dfg' is: -0.6931471805599453
2024-12-08 22:18:59.480 [AWT-EventQueue-0] INFO  pl.EditorPO - TF-IDF Score for 'bfg' is: -0.6931471805599453
2024-12-09 02:14:29.019 [AWT-EventQueue-0] INFO  pl.EditorPO - File created successfully!
2024-12-09 02:14:41.013 [Thread-3] INFO  pl.EditorPO - Group_9.pdf failed to upload!
2024-12-09 02:15:31.398 [Thread-5] INFO  pl.EditorPO - n.txt uploaded successfully!
2024-12-09 02:15:36.868 [AWT-EventQueue-0] INFO  pl.EditorPO - Do you want to delete the selected file?
2024-12-09 02:15:38.434 [AWT-EventQueue-0] WARN  pl.EditorPO - Please select a file to delete.
2024-12-09 02:15:41.539 [AWT-EventQueue-0] INFO  pl.EditorPO - Do you want to delete the selected file?
2024-12-09 02:15:42.185 [AWT-EventQueue-0] INFO  pl.EditorPO - File deleted successfully!
2024-12-09 02:15:45.834 [AWT-EventQueue-0] INFO  pl.EditorPO - TF-IDF Score for 'bfg' is: -0.2876820724517809
2024-12-09 02:15:50.570 [AWT-EventQueue-0] INFO  pl.EditorPO - TF-IDF Score for 'kghhj' is: -0.40546510810816444
2024-12-09 17:51:37.626 [main] ERROR pl.EditorPO - GSS-API authentication exception
2024-12-10 21:23:27.012 [AWT-EventQueue-0] INFO  pl.EditorPO - File updated successfully!
2024-12-10 21:23:53.981 [AWT-EventQueue-0] INFO  pl.EditorPO - File updated successfully!
2024-12-10 21:25:27.599 [AWT-EventQueue-0] INFO  pl.EditorPO - Do you want to delete the selected file?
2024-12-10 21:25:40.338 [AWT-EventQueue-0] INFO  pl.EditorPO - TF-IDF Score for 'surah falaq.txt' is: 0.009627044174443686
2024-12-10 21:25:45.280 [AWT-EventQueue-0] INFO  pl.EditorPO - TF-IDF Score for 'quran-simple.txt' is: 0.014417461355646866
2026-02-13 14:45:18.957 [main] ERROR pl.EditorPO - GSS-API authentication exception
2026-02-13 14:47:00.416 [main] ERROR pl.EditorPO - GSS-API authentication exception
2026-02-13 14:58:54.320 [main] ERROR pl.EditorPO - GSS-API authentication exception
2026-02-13 14:59:02.560 [AWT-EventQueue-0] ERROR pl.EditorPO - null
2026-02-13 14:59:04.441 [AWT-EventQueue-0] INFO  pl.EditorPO - File creation failed!
2026-02-13 15:06:04.821 [main] ERROR pl.EditorPO - GSS-API authentication exception
2026-02-13 15:06:09.593 [AWT-EventQueue-0] ERROR pl.EditorPO - null
2026-02-13 15:06:10.048 [AWT-EventQueue-0] INFO  pl.EditorPO - File creation failed!
2026-02-13 15:06:29.330 [main] ERROR pl.EditorPO - Socket fail to connect to address=(host=127.0.0.1)(port=3307)(type=primary). Connection refused: connect
2026-02-13 15:06:34.776 [AWT-EventQueue-0] ERROR pl.EditorPO - null
2026-02-13 15:06:35.238 [AWT-EventQueue-0] INFO  pl.EditorPO - File creation failed!
2026-02-13 15:06:53.495 [main] ERROR pl.EditorPO - Socket fail to connect to address=(host=127.0.0.1)(port=3307)(type=primary). Connection refused: connect
2026-02-13 15:09:04.006 [main] ERROR pl.EditorPO - Socket fail to connect to address=(host=127.0.0.1)(port=3307)(type=primary). Connection refused: connect
2026-02-13 15:12:50.736 [main] ERROR pl.EditorPO - GSS-API authentication exception
2026-02-13 15:12:57.212 [AWT-EventQueue-0] ERROR pl.EditorPO - null
2026-02-13 15:12:57.683 [AWT-EventQueue-0] INFO  pl.EditorPO - File creation failed!
2026-02-13 15:16:00.099 [main] ERROR pl.EditorPO - GSS-API authentication exception
2026-02-13 15:16:13.097 [AWT-EventQueue-0] ERROR pl.EditorPO - null
2026-02-13 15:16:13.865 [AWT-EventQueue-0] INFO  pl.EditorPO - File creation failed!
2026-02-13 15:19:43.082 [main] ERROR pl.EditorPO - GSS-API authentication exception
2026-02-13 15:20:22.970 [AWT-EventQueue-0] INFO  pl.EditorPO - File created successfully!
2026-02-13 15:20:32.587 [AWT-EventQueue-0] ERROR pl.EditorPO - (conn=31) Unknown column 'NaN' in 'field list'
2026-02-13 15:20:35.296 [AWT-EventQueue-0] INFO  pl.EditorPO - File update failed. Duplicate file may exist.
2026-02-13 15:22:11.649 [AWT-EventQueue-0] ERROR pl.EditorPO - (conn=33) Unknown column 'NaN' in 'field list'
2026-02-13 15:22:13.477 [AWT-EventQueue-0] INFO  pl.EditorPO - File creation failed!
2026-02-13 15:26:06.275 [AWT-EventQueue-0] INFO  pl.EditorPO - File updated successfully!
2026-02-13 15:26:12.397 [AWT-EventQueue-0] INFO  pl.EditorPO - TF-IDF Score for 'file' is: 0.0
2026-02-14 11:12:35.651 [Thread-4] ERROR pl.EditorPO - (conn=35) Unknown column 'NaN' in 'field list'
2026-02-14 11:13:00.732 [Thread-4] ERROR pl.EditorPO - (conn=35) Unknown column 'NaN' in 'field list'
2026-02-14 11:13:10.788 [Thread-4] ERROR pl.EditorPO - (conn=35) Unknown column 'NaN' in 'field list'
2026-02-14 11:13:20.823 [Thread-4] ERROR pl.EditorPO - (conn=35) Unknown column 'NaN' in 'field list'
2026-02-14 11:13:30.859 [Thread-4] ERROR pl.EditorPO - (conn=35) Unknown column 'NaN' in 'field list'
2026-02-14 11:13:41.055 [Thread-4] ERROR pl.EditorPO - (conn=35) Unknown column 'NaN' in 'field list'
2026-02-14 11:13:51.091 [Thread-4] ERROR pl.EditorPO - (conn=35) Unknown column 'NaN' in 'field list'
2026-02-14 11:14:01.132 [Thread-4] ERROR pl.EditorPO - (conn=35) Unknown column 'NaN' in 'field list'
2026-02-14 11:14:11.166 [Thread-4] ERROR pl.EditorPO - (conn=35) Unknown column 'NaN' in 'field list'
2026-02-14 11:14:21.209 [Thread-4] ERROR pl.EditorPO - (conn=35) Unknown column 'NaN' in 'field list'
2026-02-14 11:14:31.288 [Thread-4] ERROR pl.EditorPO - (conn=35) Unknown column 'NaN' in 'field list'
2026-02-14 11:14:41.352 [Thread-4] ERROR pl.EditorPO - (conn=35) Unknown column 'NaN' in 'field list'
2026-02-14 11:14:51.401 [Thread-4] ERROR pl.EditorPO - (conn=35) Unknown column 'NaN' in 'field list'
2026-02-14 11:15:01.499 [Thread-4] ERROR pl.EditorPO - (conn=35) Unknown column 'NaN' in 'field list'
2026-02-14 11:15:11.574 [Thread-4] ERROR pl.EditorPO - (conn=35) Unknown column 'NaN' in 'field list'
2026-02-14 11:15:21.636 [Thread-4] ERROR pl.EditorPO - (conn=35) Unknown column 'NaN' in 'field list'
2026-02-14 11:15:31.699 [Thread-4] ERROR pl.EditorPO - (conn=35) Unknown column 'NaN' in 'field list'
2026-02-14 11:15:41.787 [Thread-4] ERROR pl.EditorPO - (conn=35) Unknown column 'NaN' in 'field list'
2026-02-14 11:15:51.831 [Thread-4] ERROR pl.EditorPO - (conn=35) Unknown column 'NaN' in 'field list'
2026-02-14 11:16:01.884 [Thread-4] ERROR pl.EditorPO - (conn=35) Unknown column 'NaN' in 'field list'
2026-02-14 11:16:11.949 [Thread-4] ERROR pl.EditorPO - (conn=35) Unknown column 'NaN' in 'field list'
2026-02-14 11:16:21.988 [Thread-4] ERROR pl.EditorPO - (conn=35) Unknown column 'NaN' in 'field list'
2026-02-14 11:16:32.016 [Thread-4] ERROR pl.EditorPO - (conn=35) Unknown column 'NaN' in 'field list'
2026-02-14 11:16:42.076 [Thread-4] ERROR pl.EditorPO - (conn=35) Unknown column 'NaN' in 'field list'
2026-02-14 11:16:52.132 [Thread-4] ERROR pl.EditorPO - (conn=35) Unknown column 'NaN' in 'field list'
2026-02-14 11:17:02.170 [Thread-4] ERROR pl.EditorPO - (conn=35) Unknown column 'NaN' in 'field list'
2026-02-14 11:17:12.360 [Thread-4] ERROR pl.EditorPO - (conn=35) Unknown column 'NaN' in 'field list'
2026-02-14 11:17:22.438 [Thread-4] ERROR pl.EditorPO - (conn=35) Unknown column 'NaN' in 'field list'
2026-02-14 11:17:32.480 [Thread-4] ERROR pl.EditorPO - (conn=35) Unknown column 'NaN' in 'field list'
2026-02-14 11:17:42.517 [Thread-4] ERROR pl.EditorPO - (conn=35) Unknown column 'NaN' in 'field list'
2026-02-14 11:17:52.562 [Thread-4] ERROR pl.EditorPO - (conn=35) Unknown column 'NaN' in 'field list'
2026-02-14 11:18:02.601 [Thread-4] ERROR pl.EditorPO - (conn=35) Unknown column 'NaN' in 'field list'
2026-02-14 11:18:12.642 [Thread-4] ERROR pl.EditorPO - (conn=35) Unknown column 'NaN' in 'field list'
2026-02-14 11:18:22.684 [Thread-4] ERROR pl.EditorPO - (conn=35) Unknown column 'NaN' in 'field list'
2026-02-14 11:18:32.721 [Thread-4] ERROR pl.EditorPO - (conn=35) Unknown column 'NaN' in 'field list'
2026-02-14 11:18:42.756 [Thread-4] ERROR pl.EditorPO - (conn=35) Unknown column 'NaN' in 'field list'
2026-02-14 11:18:52.812 [Thread-4] ERROR pl.EditorPO - (conn=35) Unknown column 'NaN' in 'field list'
2026-02-14 11:19:02.845 [Thread-4] ERROR pl.EditorPO - (conn=35) Unknown column 'NaN' in 'field list'
2026-02-14 11:19:12.886 [Thread-4] ERROR pl.EditorPO - (conn=35) Unknown column 'NaN' in 'field list'
2026-02-14 11:19:22.927 [Thread-4] ERROR pl.EditorPO - (conn=35) Unknown column 'NaN' in 'field list'
2026-02-14 11:19:32.968 [Thread-4] ERROR pl.EditorPO - (conn=35) Unknown column 'NaN' in 'field list'
2026-02-14 11:19:43.022 [Thread-4] ERROR pl.EditorPO - (conn=35) Unknown column 'NaN' in 'field list'
2026-02-14 11:19:53.181 [Thread-4] ERROR pl.EditorPO - (conn=35) Unknown column 'NaN' in 'field list'
2026-02-14 11:20:03.222 [Thread-4] ERROR pl.EditorPO - (conn=35) Unknown column 'NaN' in 'field list'
2026-02-14 11:20:13.270 [Thread-4] ERROR pl.EditorPO - (conn=35) Unknown column 'NaN' in 'field list'
2026-02-14 11:20:23.303 [Thread-4] ERROR pl.EditorPO - (conn=35) Unknown column 'NaN' in 'field list'
2026-02-14 11:20:33.345 [Thread-4] ERROR pl.EditorPO - (conn=35) Unknown column 'NaN' in 'field list'
2026-02-14 11:20:43.383 [Thread-4] ERROR pl.EditorPO - (conn=35) Unknown column 'NaN' in 'field list'
2026-02-14 11:20:53.423 [Thread-4] ERROR pl.EditorPO - (conn=35) Unknown column 'NaN' in 'field list'
2026-02-14 11:21:03.461 [Thread-4] ERROR pl.EditorPO - (conn=35) Unknown column 'NaN' in 'field list'
2026-02-14 11:21:13.493 [Thread-4] ERROR pl.EditorPO - (conn=35) Unknown column 'NaN' in 'field list'
2026-02-14 11:21:23.523 [Thread-4] ERROR pl.EditorPO - (conn=35) Unknown column 'NaN' in 'field list'
2026-02-14 11:21:33.564 [Thread-4] ERROR pl.EditorPO - (conn=35) Unknown column 'NaN' in 'field list'
2026-02-14 11:21:43.607 [Thread-4] ERROR pl.EditorPO - (conn=35) Unknown column 'NaN' in 'field list'
2026-02-14 11:21:53.644 [Thread-4] ERROR pl.EditorPO - (conn=35) Unknown column 'NaN' in 'field list'
2026-02-14 11:22:03.690 [Thread-4] ERROR pl.EditorPO - (conn=35) Unknown column 'NaN' in 'field list'
2026-02-14 11:22:13.743 [Thread-4] ERROR pl.EditorPO - (conn=35) Unknown column 'NaN' in 'field list'
2026-02-14 11:22:23.785 [Thread-4] ERROR pl.EditorPO - (conn=35) Unknown column 'NaN' in 'field list'
2026-02-14 11:22:33.818 [Thread-4] ERROR pl.EditorPO - (conn=35) Unknown column 'NaN' in 'field list'
2026-02-14 11:22:43.851 [Thread-4] ERROR pl.EditorPO - (conn=35) Unknown column 'NaN' in 'field list'
2026-02-14 11:22:53.889 [Thread-4] ERROR pl.EditorPO - (conn=35) Unknown column 'NaN' in 'field list'
2026-02-14 11:23:03.936 [Thread-4] ERROR pl.EditorPO - (conn=35) Unknown column 'NaN' in 'field list'
2026-02-14 11:23:13.974 [Thread-4] ERROR pl.EditorPO - (conn=35) Unknown column 'NaN' in 'field list'
2026-02-14 11:23:24.031 [Thread-4] ERROR pl.EditorPO - (conn=35) Unknown column 'NaN' in 'field list'
2026-02-14 11:23:34.098 [Thread-4] ERROR pl.EditorPO - (conn=35) Unknown column 'NaN' in 'field list'
2026-02-14 11:23:44.151 [Thread-4] ERROR pl.EditorPO - (conn=35) Unknown column 'NaN' in 'field list'
2026-02-14 11:23:54.199 [Thread-4] ERROR pl.EditorPO - (conn=35) Unknown column 'NaN' in 'field list'
2026-02-14 11:24:04.235 [Thread-4] ERROR pl.EditorPO - (conn=35) Unknown column 'NaN' in 'field list'
2026-02-14 11:24:14.293 [Thread-4] ERROR pl.EditorPO - (conn=35) Unknown column 'NaN' in 'field list'
2026-02-14 11:24:24.325 [Thread-4] ERROR pl.EditorPO - (conn=35) Unknown column 'NaN' in 'field list'
2026-02-14 11:24:34.382 [Thread-4] ERROR pl.EditorPO - (conn=35) Unknown column 'NaN' in 'field list'
2026-02-14 11:24:44.419 [Thread-4] ERROR pl.EditorPO - (conn=35) Unknown column 'NaN' in 'field list'
2026-02-14 11:24:54.455 [Thread-4] ERROR pl.EditorPO - (conn=35) Unknown column 'NaN' in 'field list'
2026-02-14 11:25:04.485 [Thread-4] ERROR pl.EditorPO - (conn=35) Unknown column 'NaN' in 'field list'
2026-02-14 11:25:14.531 [Thread-4] ERROR pl.EditorPO - (conn=35) Unknown column 'NaN' in 'field list'
2026-02-14 11:25:24.571 [Thread-4] ERROR pl.EditorPO - (conn=35) Unknown column 'NaN' in 'field list'
2026-02-14 11:25:34.619 [Thread-4] ERROR pl.EditorPO - (conn=35) Unknown column 'NaN' in 'field list'
2026-02-14 11:25:44.654 [Thread-4] ERROR pl.EditorPO - (conn=35) Unknown column 'NaN' in 'field list'
2026-02-14 11:25:54.688 [Thread-4] ERROR pl.EditorPO - (conn=35) Unknown column 'NaN' in 'field list'
2026-02-14 11:26:04.729 [Thread-4] ERROR pl.EditorPO - (conn=35) Unknown column 'NaN' in 'field list'
2026-02-14 11:26:14.763 [Thread-4] ERROR pl.EditorPO - (conn=35) Unknown column 'NaN' in 'field list'
2026-02-14 11:26:24.798 [Thread-4] ERROR pl.EditorPO - (conn=35) Unknown column 'NaN' in 'field list'
2026-02-14 11:26:34.838 [Thread-4] ERROR pl.EditorPO - (conn=35) Unknown column 'NaN' in 'field list'
2026-02-14 11:26:44.879 [Thread-4] ERROR pl.EditorPO - (conn=35) Unknown column 'NaN' in 'field list'
2026-02-14 11:26:54.928 [Thread-4] ERROR pl.EditorPO - (conn=35) Unknown column 'NaN' in 'field list'
2026-02-14 11:27:04.971 [Thread-4] ERROR pl.EditorPO - (conn=35) Unknown column 'NaN' in 'field list'
2026-02-14 11:27:15.027 [Thread-4] ERROR pl.EditorPO - (conn=35) Unknown column 'NaN' in 'field list'
2026-02-14 11:27:25.070 [Thread-4] ERROR pl.EditorPO - (conn=35) Unknown column 'NaN' in 'field list'
2026-02-14 11:27:35.102 [Thread-4] ERROR pl.EditorPO - (conn=35) Unknown column 'NaN' in 'field list'
2026-02-14 11:27:45.139 [Thread-4] ERROR pl.EditorPO - (conn=35) Unknown column 'NaN' in 'field list'
2026-02-14 11:27:55.190 [Thread-4] ERROR pl.EditorPO - (conn=35) Unknown column 'NaN' in 'field list'
2026-02-14 11:28:05.232 [Thread-4] ERROR pl.EditorPO - (conn=35) Unknown column 'NaN' in 'field list'
2026-02-14 11:28:15.288 [Thread-4] ERROR pl.EditorPO - (conn=35) Unknown column 'NaN' in 'field list'
2026-02-14 11:28:25.343 [Thread-4] ERROR pl.EditorPO - (conn=35) Unknown column 'NaN' in 'field list'
2026-02-14 11:28:35.380 [Thread-4] ERROR pl.EditorPO - (conn=35) Unknown column 'NaN' in 'field list'
2026-02-14 11:28:45.410 [Thread-4] ERROR pl.EditorPO - (conn=35) Unknown column 'NaN' in 'field list'
2026-02-14 11:28:55.444 [Thread-4] ERROR pl.EditorPO - (conn=35) Unknown column 'NaN' in 'field list'
2026-02-14 11:29:05.474 [Thread-4] ERROR pl.EditorPO - (conn=35) Unknown column 'NaN' in 'field list'
2026-02-14 11:29:15.538 [Thread-4] ERROR pl.EditorPO - (conn=35) Unknown column 'NaN' in 'field list'
2026-02-14 11:29:25.674 [Thread-4] ERROR pl.EditorPO - (conn=35) Unknown column 'NaN' in 'field list'
2026-02-14 11:29:35.710 [Thread-4] ERROR pl.EditorPO - (conn=35) Unknown column 'NaN' in 'field list'
2026-02-14 11:29:45.742 [Thread-4] ERROR pl.EditorPO - (conn=35) Unknown column 'NaN' in 'field list'
2026-02-14 11:29:55.794 [Thread-4] ERROR pl.EditorPO - (conn=35) Unknown column 'NaN' in 'field list'
2026-02-14 11:30:05.827 [Thread-4] ERROR pl.EditorPO - (conn=35) Unknown column 'NaN' in 'field list'
2026-02-14 11:30:15.868 [Thread-4] ERROR pl.EditorPO - (conn=35) Unknown column 'NaN' in 'field list'
2026-02-14 11:30:25.910 [Thread-4] ERROR pl.EditorPO - (conn=35) Unknown column 'NaN' in 'field list'
2026-02-14 11:30:35.942 [Thread-4] ERROR pl.EditorPO - (conn=35) Unknown column 'NaN' in 'field list'
2026-02-14 11:30:45.982 [Thread-4] ERROR pl.EditorPO - (conn=35) Unknown column 'NaN' in 'field list'
2026-02-14 11:30:56.017 [Thread-4] ERROR pl.EditorPO - (conn=35) Unknown column 'NaN' in 'field list'
2026-02-14 11:31:06.053 [Thread-4] ERROR pl.EditorPO - (conn=35) Unknown column 'NaN' in 'field list'
2026-02-14 11:31:16.095 [Thread-4] ERROR pl.EditorPO - (conn=35) Unknown column 'NaN' in 'field list'
2026-02-14 11:31:26.128 [Thread-4] ERROR pl.EditorPO - (conn=35) Unknown column 'NaN' in 'field list'
2026-02-14 11:31:36.161 [Thread-4] ERROR pl.EditorPO - (conn=35) Unknown column 'NaN' in 'field list'
2026-02-14 11:31:46.207 [Thread-4] ERROR pl.EditorPO - (conn=35) Unknown column 'NaN' in 'field list'
2026-02-14 11:31:56.267 [Thread-4] ERROR pl.EditorPO - (conn=35) Unknown column 'NaN' in 'field list'
2026-02-14 11:32:06.303 [Thread-4] ERROR pl.EditorPO - (conn=35) Unknown column 'NaN' in 'field list'
2026-02-14 11:32:16.468 [Thread-4] ERROR pl.EditorPO - (conn=35) Unknown column 'NaN' in 'field list'
2026-02-14 11:32:26.508 [Thread-4] ERROR pl.EditorPO - (conn=35) Unknown column 'NaN' in 'field list'
2026-02-14 11:32:36.549 [Thread-4] ERROR pl.EditorPO - (conn=35) Unknown column 'NaN' in 'field list'
2026-02-14 11:32:46.603 [Thread-4] ERROR pl.EditorPO - (conn=35) Unknown column 'NaN' in 'field list'
2026-02-14 11:32:56.632 [Thread-4] ERROR pl.EditorPO - (conn=35) Unknown column 'NaN' in 'field list'
2026-02-14 11:33:06.667 [Thread-4] ERROR pl.EditorPO - (conn=35) Unknown column 'NaN' in 'field list'
2026-02-14 11:33:16.716 [Thread-4] ERROR pl.EditorPO - (conn=35) Unknown column 'NaN' in 'field list'
2026-02-14 11:33:26.753 [Thread-4] ERROR pl.EditorPO - (conn=35) Unknown column 'NaN' in 'field list'
2026-02-14 11:33:36.790 [Thread-4] ERROR pl.EditorPO - (conn=35) Unknown column 'NaN' in 'field list'
2026-02-14 11:33:46.832 [Thread-4] ERROR pl.EditorPO - (conn=35) Unknown column 'NaN' in 'field list'
2026-02-14 11:33:56.865 [Thread-4] ERROR pl.EditorPO - (conn=35) Unknown column 'NaN' in 'field list'
2026-02-14 11:34:06.900 [Thread-4] ERROR pl.EditorPO - (conn=35) Unknown column 'NaN' in 'field list'
2026-02-14 11:34:16.942 [Thread-4] ERROR pl.EditorPO - (conn=35) Unknown column 'NaN' in 'field list'
2026-02-14 11:34:26.987 [Thread-4] ERROR pl.EditorPO - (conn=35) Unknown column 'NaN' in 'field list'
2026-02-14 11:34:37.029 [Thread-4] ERROR pl.EditorPO - (conn=35) Unknown column 'NaN' in 'field list'
2026-02-14 11:34:47.066 [Thread-4] ERROR pl.EditorPO - (conn=35) Unknown column 'NaN' in 'field list'
2026-02-14 11:34:57.110 [Thread-4] ERROR pl.EditorPO - (conn=35) Unknown column 'NaN' in 'field list'
2026-02-14 11:35:07.149 [Thread-4] ERROR pl.EditorPO - (conn=35) Unknown column 'NaN' in 'field list'
2026-02-14 11:35:17.193 [Thread-4] ERROR pl.EditorPO - (conn=35) Unknown column 'NaN' in 'field list'
2026-02-14 11:35:27.252 [Thread-4] ERROR pl.EditorPO - (conn=35) Unknown column 'NaN' in 'field list'
2026-02-14 11:35:37.310 [Thread-4] ERROR pl.EditorPO - (conn=35) Unknown column 'NaN' in 'field list'
2026-02-14 11:35:47.347 [Thread-4] ERROR pl.EditorPO - (conn=35) Unknown column 'NaN' in 'field list'
2026-02-14 11:35:57.413 [Thread-4] ERROR pl.EditorPO - (conn=35) Unknown column 'NaN' in 'field list'
2026-02-14 11:36:07.449 [Thread-4] ERROR pl.EditorPO - (conn=35) Unknown column 'NaN' in 'field list'
2026-02-14 11:36:17.489 [Thread-4] ERROR pl.EditorPO - (conn=35) Unknown column 'NaN' in 'field list'
2026-02-14 11:36:27.534 [Thread-4] ERROR pl.EditorPO - (conn=35) Unknown column 'NaN' in 'field list'
2026-02-14 11:36:37.567 [Thread-4] ERROR pl.EditorPO - (conn=35) Unknown column 'NaN' in 'field list'
2026-02-14 11:36:47.610 [Thread-4] ERROR pl.EditorPO - (conn=35) Unknown column 'NaN' in 'field list'
2026-02-14 11:36:57.654 [Thread-4] ERROR pl.EditorPO - (conn=35) Unknown column 'NaN' in 'field list'
2026-02-14 11:37:07.687 [Thread-4] ERROR pl.EditorPO - (conn=35) Unknown column 'NaN' in 'field list'
2026-02-14 11:37:17.745 [Thread-4] ERROR pl.EditorPO - (conn=35) Unknown column 'NaN' in 'field list'
2026-02-14 11:37:27.784 [Thread-4] ERROR pl.EditorPO - (conn=35) Unknown column 'NaN' in 'field list'
2026-02-14 11:37:37.830 [Thread-4] ERROR pl.EditorPO - (conn=35) Unknown column 'NaN' in 'field list'
2026-02-14 11:37:47.866 [Thread-4] ERROR pl.EditorPO - (conn=35) Unknown column 'NaN' in 'field list'
2026-02-14 11:37:57.902 [Thread-4] ERROR pl.EditorPO - (conn=35) Unknown column 'NaN' in 'field list'
2026-02-14 11:38:07.944 [Thread-4] ERROR pl.EditorPO - (conn=35) Unknown column 'NaN' in 'field list'
2026-02-14 11:38:18.342 [Thread-4] ERROR pl.EditorPO - (conn=35) Unknown column 'NaN' in 'field list'
2026-02-14 11:38:28.379 [Thread-4] ERROR pl.EditorPO - (conn=35) Unknown column 'NaN' in 'field list'
2026-02-14 11:38:38.421 [Thread-4] ERROR pl.EditorPO - (conn=35) Unknown column 'NaN' in 'field list'
2026-02-14 11:38:48.456 [Thread-4] ERROR pl.EditorPO - (conn=35) Unknown column 'NaN' in 'field list'
2026-02-14 11:38:58.498 [Thread-4] ERROR pl.EditorPO - (conn=35) Unknown column 'NaN' in 'field list'
2026-02-14 11:39:08.538 [Thread-4] ERROR pl.EditorPO - (conn=35) Unknown column 'NaN' in 'field list'
2026-02-14 11:39:18.583 [Thread-4] ERROR pl.EditorPO - (conn=35) Unknown column 'NaN' in 'field list'
2026-02-14 11:39:28.630 [Thread-4] ERROR pl.EditorPO - (conn=35) Unknown column 'NaN' in 'field list'
2026-02-14 11:39:38.664 [Thread-4] ERROR pl.EditorPO - (conn=35) Unknown column 'NaN' in 'field list'
2026-02-14 11:39:48.713 [Thread-4] ERROR pl.EditorPO - (conn=35) Unknown column 'NaN' in 'field list'
2026-02-14 11:39:58.751 [Thread-4] ERROR pl.EditorPO - (conn=35) Unknown column 'NaN' in 'field list'
2026-02-14 11:40:08.793 [Thread-4] ERROR pl.EditorPO - (conn=35) Unknown column 'NaN' in 'field list'
2026-02-14 11:40:18.838 [Thread-4] ERROR pl.EditorPO - (conn=35) Unknown column 'NaN' in 'field list'
2026-02-14 11:40:28.876 [Thread-4] ERROR pl.EditorPO - (conn=35) Unknown column 'NaN' in 'field list'
2026-02-14 11:40:38.908 [Thread-4] ERROR pl.EditorPO - (conn=35) Unknown column 'NaN' in 'field list'
2026-02-14 11:40:48.945 [Thread-4] ERROR pl.EditorPO - (conn=35) Unknown column 'NaN' in 'field list'
2026-02-14 11:40:58.987 [Thread-4] ERROR pl.EditorPO - (conn=35) Unknown column 'NaN' in 'field list'
2026-02-14 11:41:09.020 [Thread-4] ERROR pl.EditorPO - (conn=35) Unknown column 'NaN' in 'field list'
2026-02-14 11:41:19.063 [Thread-4] ERROR pl.EditorPO - (conn=35) Unknown column 'NaN' in 'field list'
2026-02-14 11:41:29.101 [Thread-4] ERROR pl.EditorPO - (conn=35) Unknown column 'NaN' in 'field list'
2026-02-14 11:41:39.145 [Thread-4] ERROR pl.EditorPO - (conn=35) Unknown column 'NaN' in 'field list'
2026-02-14 11:41:49.183 [Thread-4] ERROR pl.EditorPO - (conn=35) Unknown column 'NaN' in 'field list'
